<?xml version="1.0" encoding="UTF-8"?>
<!-- Generated by org.testng.reporters.JUnitReportReporter -->
<testsuite hostname="laptop" name="Academy.validateTitle" tests="1" failures="0" timestamp="26 Dec 2020 14:07:59 GMT" time="0.055" errors="0">
  <testcase name="basepageNavigation1Test" time="0.055" classname="Academy.validateTitle"/>
</testsuite> <!-- Academy.validateTitle -->
