<?xml version="1.0" encoding="UTF-8"?>
<!-- Generated by org.testng.reporters.JUnitReportReporter -->
<testsuite hostname="laptop" name="Academy.homePage" tests="2" failures="0" timestamp="26 Dec 2020 14:07:59 GMT" time="59.102" errors="0">
  <testcase name="basePageNavigation" time="49.193" classname="Academy.homePage"/>
  <testcase name="basePageNavigation" time="9.909" classname="Academy.homePage"/>
</testsuite> <!-- Academy.homePage -->
