<?xml version="1.0" encoding="UTF-8"?>
<!-- Generated by org.testng.reporters.JUnitReportReporter -->
<testsuite hostname="laptop" name="cucumberOptions.TestRunner" tests="1" failures="0" timestamp="26 Dec 2020 15:09:47 GMT" time="108.685" errors="0">
  <testcase name="feature" time="108.685" classname="cucumberOptions.TestRunner"/>
</testsuite> <!-- cucumberOptions.TestRunner -->
