<?xml version="1.0" encoding="UTF-8"?>
<!-- Generated by org.testng.reporters.JUnitReportReporter -->
<testsuite hostname="laptop" name="Academy.validateNavigationBar" tests="1" failures="0" timestamp="26 Dec 2020 14:07:59 GMT" time="0.132" errors="0">
  <testcase name="basepageNavigationTest" time="0.132" classname="Academy.validateNavigationBar"/>
</testsuite> <!-- Academy.validateNavigationBar -->
