<?xml version="1.0" encoding="UTF-8"?>
<!-- Generated by org.testng.reporters.JUnitReportReporter -->
<testsuite hostname="laptop" name="cucumberOptions.TestRunner" tests="1" failures="0" timestamp="27 Dec 2020 07:04:20 GMT" time="74.031" errors="0">
  <testcase name="feature" time="74.031" classname="cucumberOptions.TestRunner"/>
</testsuite> <!-- cucumberOptions.TestRunner -->
